# JRE version: OpenJDK Runtime Environment (17.0.6) (build 17.0.6+0-b2043.56-10027231)
# Java VM: OpenJDK 64-Bit Server VM (17.0.6+0-b2043.56-10027231, mixed mode, tiered, compressed oops, compressed class ptrs, g1 gc, windows-amd64)
GC Precious Log:
 CPUs: 6 total, 6 available
 Memory: 16322M
 Large Page Support: Disabled
 NUMA Support: Disabled
 Compressed Oops: Enabled (32-bit)
 Heap Region Size: 1M
 Heap Min Capacity: 8M
 Heap Initial Capacity: 256M
 Heap Max Capacity: 2G
 Pre-touch: Disabled
 Parallel Workers: 6
 Concurrent Workers: 2
 Concurrent Refinement Workers: 6
 Periodic GC: Disabled
Heap:
 garbage-first heap   total 68608K, used 39535K [0x0000000080000000, 0x0000000100000000)
  region size 1024K, 8 young (8192K), 3 survivors (3072K)
 Metaspace       used 52875K, committed 53312K, reserved 1097728K
  class space    used 7074K, committed 7296K, reserved 1048576K
GC Heap History (20 events):
Event: 3.214 GC heap before
{Heap before GC invocations=4 (full 0):
 garbage-first heap   total 68608K, used 51212K [0x0000000080000000, 0x0000000100000000)
  region size 1024K, 40 young (40960K), 8 survivors (8192K)
 Metaspace       used 26176K, committed 26496K, reserved 1073152K
  class space    used 3447K, committed 3584K, reserved 1048576K
}
Event: 3.217 GC heap after
{Heap after GC invocations=5 (full 0):
 garbage-first heap   total 68608K, used 20867K [0x0000000080000000, 0x0000000100000000)
  region size 1024K, 3 young (3072K), 3 survivors (3072K)
 Metaspace       used 26176K, committed 26496K, reserved 1073152K
  class space    used 3447K, committed 3584K, reserved 1048576K
}
Event: 3.978 GC heap before
{Heap before GC invocations=5 (full 0):
 garbage-first heap   total 68608K, used 47491K [0x0000000080000000, 0x0000000100000000)
  region size 1024K, 29 young (29696K), 3 survivors (3072K)
 Metaspace       used 30317K, committed 30592K, reserved 1081344K
  class space    used 4118K, committed 4224K, reserved 1048576K
}
Event: 3.982 GC heap after
{Heap after GC invocations=6 (full 0):
 garbage-first heap   total 68608K, used 22024K [0x0000000080000000, 0x0000000100000000)
  region size 1024K, 4 young (4096K), 4 survivors (4096K)
 Metaspace       used 30317K, committed 30592K, reserved 1081344K
  class space    used 4118K, committed 4224K, reserved 1048576K
}
Event: 4.866 GC heap before
{Heap before GC invocations=6 (full 0):
 garbage-first heap   total 68608K, used 48648K [0x0000000080000000, 0x0000000100000000)
  region size 1024K, 30 young (30720K), 4 survivors (4096K)
 Metaspace       used 34721K, committed 35072K, reserved 1081344K
  class space    used 4811K, committed 4992K, reserved 1048576K
}
Event: 4.869 GC heap after
{Heap after GC invocations=7 (full 0):
 garbage-first heap   total 68608K, used 23685K [0x0000000080000000, 0x0000000100000000)
  region size 1024K, 4 young (4096K), 4 survivors (4096K)
 Metaspace       used 34721K, committed 35072K, reserved 1081344K
  class space    used 4811K, committed 4992K, reserved 1048576K
}
Event: 5.099 GC heap before
{Heap before GC invocations=7 (full 0):
 garbage-first heap   total 68608K, used 26757K [0x0000000080000000, 0x0000000100000000)
  region size 1024K, 9 young (9216K), 4 survivors (4096K)
 Metaspace       used 35642K, committed 35968K, reserved 1081344K
  class space    used 4879K, committed 5056K, reserved 1048576K
}
Event: 5.101 GC heap after
{Heap after GC invocations=8 (full 0):
 garbage-first heap   total 68608K, used 24481K [0x0000000080000000, 0x0000000100000000)
  region size 1024K, 3 young (3072K), 3 survivors (3072K)
 Metaspace       used 35642K, committed 35968K, reserved 1081344K
  class space    used 4879K, committed 5056K, reserved 1048576K
}
Event: 6.005 GC heap before
{Heap before GC invocations=9 (full 0):
 garbage-first heap   total 68608K, used 49057K [0x0000000080000000, 0x0000000100000000)
  region size 1024K, 28 young (28672K), 3 survivors (3072K)
 Metaspace       used 40396K, committed 40704K, reserved 1089536K
  class space    used 5358K, committed 5504K, reserved 1048576K
}
Event: 6.010 GC heap after
{Heap after GC invocations=10 (full 0):
 garbage-first heap   total 68608K, used 28204K [0x0000000080000000, 0x0000000100000000)
  region size 1024K, 4 young (4096K), 4 survivors (4096K)
 Metaspace       used 40396K, committed 40704K, reserved 1089536K
  class space    used 5358K, committed 5504K, reserved 1048576K
}
Event: 6.551 GC heap before
{Heap before GC invocations=10 (full 0):
 garbage-first heap   total 68608K, used 52780K [0x0000000080000000, 0x0000000100000000)
  region size 1024K, 26 young (26624K), 4 survivors (4096K)
 Metaspace       used 43012K, committed 43456K, reserved 1089536K
  class space    used 5647K, committed 5888K, reserved 1048576K
}
Event: 6.555 GC heap after
{Heap after GC invocations=11 (full 0):
 garbage-first heap   total 68608K, used 29906K [0x0000000080000000, 0x0000000100000000)
  region size 1024K, 3 young (3072K), 3 survivors (3072K)
 Metaspace       used 43012K, committed 43456K, reserved 1089536K
  class space    used 5647K, committed 5888K, reserved 1048576K
}
Event: 7.221 GC heap before
{Heap before GC invocations=11 (full 0):
 garbage-first heap   total 68608K, used 51410K [0x0000000080000000, 0x0000000100000000)
  region size 1024K, 24 young (24576K), 3 survivors (3072K)
 Metaspace       used 45046K, committed 45504K, reserved 1089536K
  class space    used 5866K, committed 6080K, reserved 1048576K
}
Event: 7.223 GC heap after
{Heap after GC invocations=12 (full 0):
 garbage-first heap   total 68608K, used 31408K [0x0000000080000000, 0x0000000100000000)
  region size 1024K, 2 young (2048K), 2 survivors (2048K)
 Metaspace       used 45046K, committed 45504K, reserved 1089536K
  class space    used 5866K, committed 6080K, reserved 1048576K
}
Event: 8.501 GC heap before
{Heap before GC invocations=12 (full 0):
 garbage-first heap   total 68608K, used 52912K [0x0000000080000000, 0x0000000100000000)
  region size 1024K, 23 young (23552K), 2 survivors (2048K)
 Metaspace       used 47694K, committed 48128K, reserved 1097728K
  class space    used 6315K, committed 6528K, reserved 1048576K
}
Event: 8.503 GC heap after
{Heap after GC invocations=13 (full 0):
 garbage-first heap   total 68608K, used 32775K [0x0000000080000000, 0x0000000100000000)
  region size 1024K, 3 young (3072K), 3 survivors (3072K)
 Metaspace       used 47694K, committed 48128K, reserved 1097728K
  class space    used 6315K, committed 6528K, reserved 1048576K
}
Event: 10.086 GC heap before
{Heap before GC invocations=13 (full 0):
 garbage-first heap   total 68608K, used 53255K [0x0000000080000000, 0x0000000100000000)
  region size 1024K, 23 young (23552K), 3 survivors (3072K)
 Metaspace       used 50606K, committed 51008K, reserved 1097728K
  class space    used 6786K, committed 6976K, reserved 1048576K
}
Event: 10.089 GC heap after
{Heap after GC invocations=14 (full 0):
 garbage-first heap   total 68608K, used 33699K [0x0000000080000000, 0x0000000100000000)
  region size 1024K, 3 young (3072K), 3 survivors (3072K)
 Metaspace       used 50606K, committed 51008K, reserved 1097728K
  class space    used 6786K, committed 6976K, reserved 1048576K
}
Event: 12.178 GC heap before
{Heap before GC invocations=14 (full 0):
 garbage-first heap   total 68608K, used 53155K [0x0000000080000000, 0x0000000100000000)
  region size 1024K, 22 young (22528K), 3 survivors (3072K)
 Metaspace       used 52663K, committed 53120K, reserved 1097728K
  class space    used 7049K, committed 7232K, reserved 1048576K
}
Event: 12.199 GC heap after
{Heap after GC invocations=15 (full 0):
 garbage-first heap   total 68608K, used 35439K [0x0000000080000000, 0x0000000100000000)
  region size 1024K, 3 young (3072K), 3 survivors (3072K)
 Metaspace       used 52663K, committed 53120K, reserved 1097728K
  class space    used 7049K, committed 7232K, reserved 1048576K
}

